<?xml version="1.0" encoding="UTF-8"?>
<testsuite xmlns:xsi="http://www.w3.org/2001/XMLSchema-instance" xsi:noNamespaceSchemaLocation="https://maven.apache.org/surefire/maven-surefire-plugin/xsd/surefire-test-report.xsd" name="JavaScriptTest" time="24.699" tests="1" errors="0" skipped="0" failures="0">
  <properties>
    <property name="gopherProxySet" value="false"/>
    <property name="awt.toolkit" value="sun.lwawt.macosx.LWCToolkit"/>
    <property name="file.encoding.pkg" value="sun.io"/>
    <property name="java.specification.version" value="1.8"/>
    <property name="sun.cpu.isalist" value=""/>
    <property name="sun.jnu.encoding" value="UTF-8"/>
    <property name="java.class.path" value="/Users/denislyakhovich/Developer/01_Testing/02_Lanit/Git_repository/Example/target/test-classes:/Users/denislyakhovich/Developer/01_Testing/02_Lanit/Git_repository/Example/target/classes:/Users/denislyakhovich/.m2/repository/org/junit/jupiter/junit-jupiter-engine/5.1.0/junit-jupiter-engine-5.1.0.jar:/Users/denislyakhovich/.m2/repository/org/apiguardian/apiguardian-api/1.0.0/apiguardian-api-1.0.0.jar:/Users/denislyakhovich/.m2/repository/org/junit/platform/junit-platform-engine/1.1.0/junit-platform-engine-1.1.0.jar:/Users/denislyakhovich/.m2/repository/org/junit/platform/junit-platform-commons/1.1.0/junit-platform-commons-1.1.0.jar:/Users/denislyakhovich/.m2/repository/org/opentest4j/opentest4j/1.0.0/opentest4j-1.0.0.jar:/Users/denislyakhovich/.m2/repository/org/junit/jupiter/junit-jupiter-api/5.1.0/junit-jupiter-api-5.1.0.jar:/Users/denislyakhovich/.m2/repository/org/seleniumhq/selenium/selenium-java/4.0.0-beta-4/selenium-java-4.0.0-beta-4.jar:/Users/denislyakhovich/.m2/repository/org/seleniumhq/selenium/selenium-api/4.0.0-beta-4/selenium-api-4.0.0-beta-4.jar:/Users/denislyakhovich/.m2/repository/org/seleniumhq/selenium/selenium-chrome-driver/4.0.0-beta-4/selenium-chrome-driver-4.0.0-beta-4.jar:/Users/denislyakhovich/.m2/repository/com/google/auto/service/auto-service-annotations/1.0/auto-service-annotations-1.0.jar:/Users/denislyakhovich/.m2/repository/com/google/auto/service/auto-service/1.0/auto-service-1.0.jar:/Users/denislyakhovich/.m2/repository/com/google/auto/auto-common/1.0/auto-common-1.0.jar:/Users/denislyakhovich/.m2/repository/org/seleniumhq/selenium/selenium-chromium-driver/4.0.0-beta-4/selenium-chromium-driver-4.0.0-beta-4.jar:/Users/denislyakhovich/.m2/repository/org/seleniumhq/selenium/selenium-devtools/4.0.0-beta-4/selenium-devtools-4.0.0-beta-4.jar:/Users/denislyakhovich/.m2/repository/org/seleniumhq/selenium/selenium-http/4.0.0-beta-4/selenium-http-4.0.0-beta-4.jar:/Users/denislyakhovich/.m2/repository/org/seleniumhq/selenium/selenium-json/4.0.0-beta-4/selenium-json-4.0.0-beta-4.jar:/Users/denislyakhovich/.m2/repository/org/seleniumhq/selenium/selenium-devtools-v85/4.0.0-beta-4/selenium-devtools-v85-4.0.0-beta-4.jar:/Users/denislyakhovich/.m2/repository/org/seleniumhq/selenium/selenium-devtools-v88/4.0.0-beta-4/selenium-devtools-v88-4.0.0-beta-4.jar:/Users/denislyakhovich/.m2/repository/org/seleniumhq/selenium/selenium-devtools-v89/4.0.0-beta-4/selenium-devtools-v89-4.0.0-beta-4.jar:/Users/denislyakhovich/.m2/repository/org/seleniumhq/selenium/selenium-devtools-v90/4.0.0-beta-4/selenium-devtools-v90-4.0.0-beta-4.jar:/Users/denislyakhovich/.m2/repository/org/seleniumhq/selenium/selenium-devtools-v91/4.0.0-beta-4/selenium-devtools-v91-4.0.0-beta-4.jar:/Users/denislyakhovich/.m2/repository/org/seleniumhq/selenium/selenium-edge-driver/4.0.0-beta-4/selenium-edge-driver-4.0.0-beta-4.jar:/Users/denislyakhovich/.m2/repository/org/seleniumhq/selenium/selenium-firefox-driver/4.0.0-beta-4/selenium-firefox-driver-4.0.0-beta-4.jar:/Users/denislyakhovich/.m2/repository/org/seleniumhq/selenium/selenium-firefox-xpi-driver/4.0.0-beta-4/selenium-firefox-xpi-driver-4.0.0-beta-4.jar:/Users/denislyakhovich/.m2/repository/org/seleniumhq/selenium/selenium-ie-driver/4.0.0-beta-4/selenium-ie-driver-4.0.0-beta-4.jar:/Users/denislyakhovich/.m2/repository/org/seleniumhq/selenium/selenium-opera-driver/4.0.0-beta-4/selenium-opera-driver-4.0.0-beta-4.jar:/Users/denislyakhovich/.m2/repository/org/seleniumhq/selenium/selenium-remote-driver/4.0.0-beta-4/selenium-remote-driver-4.0.0-beta-4.jar:/Users/denislyakhovich/.m2/repository/com/beust/jcommander/1.81/jcommander-1.81.jar:/Users/denislyakhovich/.m2/repository/io/netty/netty-buffer/4.1.63.Final/netty-buffer-4.1.63.Final.jar:/Users/denislyakhovich/.m2/repository/io/netty/netty-codec-http/4.1.63.Final/netty-codec-http-4.1.63.Final.jar:/Users/denislyakhovich/.m2/repository/io/netty/netty-codec/4.1.63.Final/netty-codec-4.1.63.Final.jar:/Users/denislyakhovich/.m2/repository/io/netty/netty-handler/4.1.63.Final/netty-handler-4.1.63.Final.jar:/Users/denislyakhovich/.m2/repository/io/netty/netty-common/4.1.63.Final/netty-common-4.1.63.Final.jar:/Users/denislyakhovich/.m2/repository/io/netty/netty-transport-native-epoll/4.1.63.Final/netty-transport-native-epoll-4.1.63.Final.jar:/Users/denislyakhovich/.m2/repository/io/netty/netty-transport-native-kqueue/4.1.63.Final/netty-transport-native-kqueue-4.1.63.Final.jar:/Users/denislyakhovich/.m2/repository/io/netty/netty-transport-native-unix-common/4.1.63.Final/netty-transport-native-unix-common-4.1.63.Final.jar:/Users/denislyakhovich/.m2/repository/io/netty/netty-transport/4.1.63.Final/netty-transport-4.1.63.Final.jar:/Users/denislyakhovich/.m2/repository/io/netty/netty-resolver/4.1.63.Final/netty-resolver-4.1.63.Final.jar:/Users/denislyakhovich/.m2/repository/io/opentelemetry/opentelemetry-api/1.2.0/opentelemetry-api-1.2.0.jar:/Users/denislyakhovich/.m2/repository/io/opentelemetry/opentelemetry-context/1.2.0/opentelemetry-context-1.2.0.jar:/Users/denislyakhovich/.m2/repository/io/opentelemetry/opentelemetry-exporter-logging/1.2.0/opentelemetry-exporter-logging-1.2.0.jar:/Users/denislyakhovich/.m2/repository/io/opentelemetry/opentelemetry-sdk-metrics/1.2.0-alpha/opentelemetry-sdk-metrics-1.2.0-alpha.jar:/Users/denislyakhovich/.m2/repository/io/opentelemetry/opentelemetry-sdk-common/1.2.0/opentelemetry-sdk-common-1.2.0.jar:/Users/denislyakhovich/.m2/repository/io/opentelemetry/opentelemetry-sdk-extension-autoconfigure/1.2.0-alpha/opentelemetry-sdk-extension-autoconfigure-1.2.0-alpha.jar:/Users/denislyakhovich/.m2/repository/io/opentelemetry/opentelemetry-sdk-trace/1.2.0/opentelemetry-sdk-trace-1.2.0.jar:/Users/denislyakhovich/.m2/repository/io/opentelemetry/opentelemetry-api-metrics/1.2.0-alpha/opentelemetry-api-metrics-1.2.0-alpha.jar:/Users/denislyakhovich/.m2/repository/io/opentelemetry/opentelemetry-sdk/1.2.0/opentelemetry-sdk-1.2.0.jar:/Users/denislyakhovich/.m2/repository/io/opentelemetry/opentelemetry-semconv/1.2.0-alpha/opentelemetry-semconv-1.2.0-alpha.jar:/Users/denislyakhovich/.m2/repository/io/ous/jtoml/2.0.0/jtoml-2.0.0.jar:/Users/denislyakhovich/.m2/repository/net/bytebuddy/byte-buddy/1.11.0/byte-buddy-1.11.0.jar:/Users/denislyakhovich/.m2/repository/org/apache/commons/commons-exec/1.3/commons-exec-1.3.jar:/Users/denislyakhovich/.m2/repository/org/asynchttpclient/async-http-client/2.12.3/async-http-client-2.12.3.jar:/Users/denislyakhovich/.m2/repository/org/asynchttpclient/async-http-client-netty-utils/2.12.3/async-http-client-netty-utils-2.12.3.jar:/Users/denislyakhovich/.m2/repository/io/netty/netty-codec-socks/4.1.60.Final/netty-codec-socks-4.1.60.Final.jar:/Users/denislyakhovich/.m2/repository/io/netty/netty-handler-proxy/4.1.60.Final/netty-handler-proxy-4.1.60.Final.jar:/Users/denislyakhovich/.m2/repository/io/netty/netty-transport-native-epoll/4.1.60.Final/netty-transport-native-epoll-4.1.60.Final-linux-x86_64.jar:/Users/denislyakhovich/.m2/repository/io/netty/netty-transport-native-kqueue/4.1.60.Final/netty-transport-native-kqueue-4.1.60.Final-osx-x86_64.jar:/Users/denislyakhovich/.m2/repository/org/reactivestreams/reactive-streams/1.0.3/reactive-streams-1.0.3.jar:/Users/denislyakhovich/.m2/repository/com/typesafe/netty/netty-reactive-streams/2.0.4/netty-reactive-streams-2.0.4.jar:/Users/denislyakhovich/.m2/repository/com/sun/activation/jakarta.activation/1.2.2/jakarta.activation-1.2.2.jar:/Users/denislyakhovich/.m2/repository/org/seleniumhq/selenium/selenium-safari-driver/4.0.0-beta-4/selenium-safari-driver-4.0.0-beta-4.jar:/Users/denislyakhovich/.m2/repository/org/seleniumhq/selenium/selenium-support/4.0.0-beta-4/selenium-support-4.0.0-beta-4.jar:/Users/denislyakhovich/.m2/repository/io/github/bonigarcia/webdrivermanager/4.2.2/webdrivermanager-4.2.2.jar:/Users/denislyakhovich/.m2/repository/org/slf4j/slf4j-api/1.7.30/slf4j-api-1.7.30.jar:/Users/denislyakhovich/.m2/repository/commons-io/commons-io/2.8.0/commons-io-2.8.0.jar:/Users/denislyakhovich/.m2/repository/com/google/code/gson/gson/2.8.6/gson-2.8.6.jar:/Users/denislyakhovich/.m2/repository/org/apache/commons/commons-lang3/3.11/commons-lang3-3.11.jar:/Users/denislyakhovich/.m2/repository/org/apache/httpcomponents/client5/httpclient5/5.0.1/httpclient5-5.0.1.jar:/Users/denislyakhovich/.m2/repository/org/apache/httpcomponents/core5/httpcore5/5.0.1/httpcore5-5.0.1.jar:/Users/denislyakhovich/.m2/repository/org/apache/httpcomponents/core5/httpcore5-h2/5.0.1/httpcore5-h2-5.0.1.jar:/Users/denislyakhovich/.m2/repository/commons-codec/commons-codec/1.13/commons-codec-1.13.jar:/Users/denislyakhovich/.m2/repository/org/rauschig/jarchivelib/1.1.0/jarchivelib-1.1.0.jar:/Users/denislyakhovich/.m2/repository/org/apache/commons/commons-compress/1.20/commons-compress-1.20.jar:/Users/denislyakhovich/.m2/repository/org/jsoup/jsoup/1.13.1/jsoup-1.13.1.jar:/Users/denislyakhovich/.m2/repository/org/apache/logging/log4j/log4j-api/2.14.0/log4j-api-2.14.0.jar:/Users/denislyakhovich/.m2/repository/org/apache/logging/log4j/log4j-core/2.14.0/log4j-core-2.14.0.jar:/Users/denislyakhovich/.m2/repository/ru/yandex/qatools/ashot/ashot/1.5.4/ashot-1.5.4.jar:/Users/denislyakhovich/.m2/repository/org/hamcrest/hamcrest-core/1.3/hamcrest-core-1.3.jar:/Users/denislyakhovich/.m2/repository/com/github/stephenc/monte/monte-screen-recorder/0.7.7.0/monte-screen-recorder-0.7.7.0.jar:/Users/denislyakhovich/.m2/repository/net/lightbody/bmp/browsermob-core/2.1.5/browsermob-core-2.1.5.jar:/Users/denislyakhovich/.m2/repository/net/lightbody/bmp/littleproxy/1.1.0-beta-bmp-17/littleproxy-1.1.0-beta-bmp-17.jar:/Users/denislyakhovich/.m2/repository/com/fasterxml/jackson/core/jackson-core/2.8.9/jackson-core-2.8.9.jar:/Users/denislyakhovich/.m2/repository/com/fasterxml/jackson/core/jackson-databind/2.8.9/jackson-databind-2.8.9.jar:/Users/denislyakhovich/.m2/repository/com/fasterxml/jackson/core/jackson-annotations/2.8.9/jackson-annotations-2.8.9.jar:/Users/denislyakhovich/.m2/repository/dnsjava/dnsjava/2.1.8/dnsjava-2.1.8.jar:/Users/denislyakhovich/.m2/repository/org/slf4j/jcl-over-slf4j/1.7.25/jcl-over-slf4j-1.7.25.jar:/Users/denislyakhovich/.m2/repository/com/jcraft/jzlib/1.1.3/jzlib-1.1.3.jar:/Users/denislyakhovich/.m2/repository/io/netty/netty-all/4.0.51.Final/netty-all-4.0.51.Final.jar:/Users/denislyakhovich/.m2/repository/org/bouncycastle/bcprov-jdk15on/1.58/bcprov-jdk15on-1.58.jar:/Users/denislyakhovich/.m2/repository/org/bouncycastle/bcpkix-jdk15on/1.58/bcpkix-jdk15on-1.58.jar:/Users/denislyakhovich/.m2/repository/net/lightbody/bmp/mitm/2.1.5/mitm-2.1.5.jar:/Users/denislyakhovich/.m2/repository/com/google/guava/guava/30.1.1-jre/guava-30.1.1-jre.jar:/Users/denislyakhovich/.m2/repository/com/google/guava/failureaccess/1.0.1/failureaccess-1.0.1.jar:/Users/denislyakhovich/.m2/repository/com/google/guava/listenablefuture/9999.0-empty-to-avoid-conflict-with-guava/listenablefuture-9999.0-empty-to-avoid-conflict-with-guava.jar:/Users/denislyakhovich/.m2/repository/com/google/code/findbugs/jsr305/3.0.2/jsr305-3.0.2.jar:/Users/denislyakhovich/.m2/repository/org/checkerframework/checker-qual/3.8.0/checker-qual-3.8.0.jar:/Users/denislyakhovich/.m2/repository/com/google/errorprone/error_prone_annotations/2.5.1/error_prone_annotations-2.5.1.jar:/Users/denislyakhovich/.m2/repository/com/google/j2objc/j2objc-annotations/1.3/j2objc-annotations-1.3.jar:/Users/denislyakhovich/.m2/repository/org/apache/pdfbox/pdfbox/2.0.24/pdfbox-2.0.24.jar:/Users/denislyakhovich/.m2/repository/org/apache/pdfbox/fontbox/2.0.24/fontbox-2.0.24.jar:/Users/denislyakhovich/.m2/repository/commons-logging/commons-logging/1.2/commons-logging-1.2.jar:/Users/denislyakhovich/.m2/repository/com/itextpdf/itextpdf/5.5.13.2/itextpdf-5.5.13.2.jar:"/>
    <property name="java.vm.vendor" value="Oracle Corporation"/>
    <property name="sun.arch.data.model" value="64"/>
    <property name="java.vendor.url" value="http://java.oracle.com/"/>
    <property name="user.timezone" value=""/>
    <property name="java.vm.specification.version" value="1.8"/>
    <property name="os.name" value="Mac OS X"/>
    <property name="user.country" value="RU"/>
    <property name="sun.java.launcher" value="SUN_STANDARD"/>
    <property name="sun.boot.library.path" value="/Library/Java/JavaVirtualMachines/jdk1.8.0_291.jdk/Contents/Home/jre/lib"/>
    <property name="sun.java.command" value="/Users/denislyakhovich/Developer/01_Testing/02_Lanit/Git_repository/Example/target/surefire/surefirebooter4825633165251476278.jar /Users/denislyakhovich/Developer/01_Testing/02_Lanit/Git_repository/Example/target/surefire 2021-08-04T14-53-12_535-jvmRun1 surefire7893283218133891862tmp surefire_08325382647025294286tmp"/>
    <property name="http.nonProxyHosts" value="local|*.local|169.254/16|*.169.254/16"/>
    <property name="surefire.test.class.path" value="/Users/denislyakhovich/Developer/01_Testing/02_Lanit/Git_repository/Example/target/test-classes:/Users/denislyakhovich/Developer/01_Testing/02_Lanit/Git_repository/Example/target/classes:/Users/denislyakhovich/.m2/repository/org/junit/jupiter/junit-jupiter-engine/5.1.0/junit-jupiter-engine-5.1.0.jar:/Users/denislyakhovich/.m2/repository/org/apiguardian/apiguardian-api/1.0.0/apiguardian-api-1.0.0.jar:/Users/denislyakhovich/.m2/repository/org/junit/platform/junit-platform-engine/1.1.0/junit-platform-engine-1.1.0.jar:/Users/denislyakhovich/.m2/repository/org/junit/platform/junit-platform-commons/1.1.0/junit-platform-commons-1.1.0.jar:/Users/denislyakhovich/.m2/repository/org/opentest4j/opentest4j/1.0.0/opentest4j-1.0.0.jar:/Users/denislyakhovich/.m2/repository/org/junit/jupiter/junit-jupiter-api/5.1.0/junit-jupiter-api-5.1.0.jar:/Users/denislyakhovich/.m2/repository/org/seleniumhq/selenium/selenium-java/4.0.0-beta-4/selenium-java-4.0.0-beta-4.jar:/Users/denislyakhovich/.m2/repository/org/seleniumhq/selenium/selenium-api/4.0.0-beta-4/selenium-api-4.0.0-beta-4.jar:/Users/denislyakhovich/.m2/repository/org/seleniumhq/selenium/selenium-chrome-driver/4.0.0-beta-4/selenium-chrome-driver-4.0.0-beta-4.jar:/Users/denislyakhovich/.m2/repository/com/google/auto/service/auto-service-annotations/1.0/auto-service-annotations-1.0.jar:/Users/denislyakhovich/.m2/repository/com/google/auto/service/auto-service/1.0/auto-service-1.0.jar:/Users/denislyakhovich/.m2/repository/com/google/auto/auto-common/1.0/auto-common-1.0.jar:/Users/denislyakhovich/.m2/repository/org/seleniumhq/selenium/selenium-chromium-driver/4.0.0-beta-4/selenium-chromium-driver-4.0.0-beta-4.jar:/Users/denislyakhovich/.m2/repository/org/seleniumhq/selenium/selenium-devtools/4.0.0-beta-4/selenium-devtools-4.0.0-beta-4.jar:/Users/denislyakhovich/.m2/repository/org/seleniumhq/selenium/selenium-http/4.0.0-beta-4/selenium-http-4.0.0-beta-4.jar:/Users/denislyakhovich/.m2/repository/org/seleniumhq/selenium/selenium-json/4.0.0-beta-4/selenium-json-4.0.0-beta-4.jar:/Users/denislyakhovich/.m2/repository/org/seleniumhq/selenium/selenium-devtools-v85/4.0.0-beta-4/selenium-devtools-v85-4.0.0-beta-4.jar:/Users/denislyakhovich/.m2/repository/org/seleniumhq/selenium/selenium-devtools-v88/4.0.0-beta-4/selenium-devtools-v88-4.0.0-beta-4.jar:/Users/denislyakhovich/.m2/repository/org/seleniumhq/selenium/selenium-devtools-v89/4.0.0-beta-4/selenium-devtools-v89-4.0.0-beta-4.jar:/Users/denislyakhovich/.m2/repository/org/seleniumhq/selenium/selenium-devtools-v90/4.0.0-beta-4/selenium-devtools-v90-4.0.0-beta-4.jar:/Users/denislyakhovich/.m2/repository/org/seleniumhq/selenium/selenium-devtools-v91/4.0.0-beta-4/selenium-devtools-v91-4.0.0-beta-4.jar:/Users/denislyakhovich/.m2/repository/org/seleniumhq/selenium/selenium-edge-driver/4.0.0-beta-4/selenium-edge-driver-4.0.0-beta-4.jar:/Users/denislyakhovich/.m2/repository/org/seleniumhq/selenium/selenium-firefox-driver/4.0.0-beta-4/selenium-firefox-driver-4.0.0-beta-4.jar:/Users/denislyakhovich/.m2/repository/org/seleniumhq/selenium/selenium-firefox-xpi-driver/4.0.0-beta-4/selenium-firefox-xpi-driver-4.0.0-beta-4.jar:/Users/denislyakhovich/.m2/repository/org/seleniumhq/selenium/selenium-ie-driver/4.0.0-beta-4/selenium-ie-driver-4.0.0-beta-4.jar:/Users/denislyakhovich/.m2/repository/org/seleniumhq/selenium/selenium-opera-driver/4.0.0-beta-4/selenium-opera-driver-4.0.0-beta-4.jar:/Users/denislyakhovich/.m2/repository/org/seleniumhq/selenium/selenium-remote-driver/4.0.0-beta-4/selenium-remote-driver-4.0.0-beta-4.jar:/Users/denislyakhovich/.m2/repository/com/beust/jcommander/1.81/jcommander-1.81.jar:/Users/denislyakhovich/.m2/repository/io/netty/netty-buffer/4.1.63.Final/netty-buffer-4.1.63.Final.jar:/Users/denislyakhovich/.m2/repository/io/netty/netty-codec-http/4.1.63.Final/netty-codec-http-4.1.63.Final.jar:/Users/denislyakhovich/.m2/repository/io/netty/netty-codec/4.1.63.Final/netty-codec-4.1.63.Final.jar:/Users/denislyakhovich/.m2/repository/io/netty/netty-handler/4.1.63.Final/netty-handler-4.1.63.Final.jar:/Users/denislyakhovich/.m2/repository/io/netty/netty-common/4.1.63.Final/netty-common-4.1.63.Final.jar:/Users/denislyakhovich/.m2/repository/io/netty/netty-transport-native-epoll/4.1.63.Final/netty-transport-native-epoll-4.1.63.Final.jar:/Users/denislyakhovich/.m2/repository/io/netty/netty-transport-native-kqueue/4.1.63.Final/netty-transport-native-kqueue-4.1.63.Final.jar:/Users/denislyakhovich/.m2/repository/io/netty/netty-transport-native-unix-common/4.1.63.Final/netty-transport-native-unix-common-4.1.63.Final.jar:/Users/denislyakhovich/.m2/repository/io/netty/netty-transport/4.1.63.Final/netty-transport-4.1.63.Final.jar:/Users/denislyakhovich/.m2/repository/io/netty/netty-resolver/4.1.63.Final/netty-resolver-4.1.63.Final.jar:/Users/denislyakhovich/.m2/repository/io/opentelemetry/opentelemetry-api/1.2.0/opentelemetry-api-1.2.0.jar:/Users/denislyakhovich/.m2/repository/io/opentelemetry/opentelemetry-context/1.2.0/opentelemetry-context-1.2.0.jar:/Users/denislyakhovich/.m2/repository/io/opentelemetry/opentelemetry-exporter-logging/1.2.0/opentelemetry-exporter-logging-1.2.0.jar:/Users/denislyakhovich/.m2/repository/io/opentelemetry/opentelemetry-sdk-metrics/1.2.0-alpha/opentelemetry-sdk-metrics-1.2.0-alpha.jar:/Users/denislyakhovich/.m2/repository/io/opentelemetry/opentelemetry-sdk-common/1.2.0/opentelemetry-sdk-common-1.2.0.jar:/Users/denislyakhovich/.m2/repository/io/opentelemetry/opentelemetry-sdk-extension-autoconfigure/1.2.0-alpha/opentelemetry-sdk-extension-autoconfigure-1.2.0-alpha.jar:/Users/denislyakhovich/.m2/repository/io/opentelemetry/opentelemetry-sdk-trace/1.2.0/opentelemetry-sdk-trace-1.2.0.jar:/Users/denislyakhovich/.m2/repository/io/opentelemetry/opentelemetry-api-metrics/1.2.0-alpha/opentelemetry-api-metrics-1.2.0-alpha.jar:/Users/denislyakhovich/.m2/repository/io/opentelemetry/opentelemetry-sdk/1.2.0/opentelemetry-sdk-1.2.0.jar:/Users/denislyakhovich/.m2/repository/io/opentelemetry/opentelemetry-semconv/1.2.0-alpha/opentelemetry-semconv-1.2.0-alpha.jar:/Users/denislyakhovich/.m2/repository/io/ous/jtoml/2.0.0/jtoml-2.0.0.jar:/Users/denislyakhovich/.m2/repository/net/bytebuddy/byte-buddy/1.11.0/byte-buddy-1.11.0.jar:/Users/denislyakhovich/.m2/repository/org/apache/commons/commons-exec/1.3/commons-exec-1.3.jar:/Users/denislyakhovich/.m2/repository/org/asynchttpclient/async-http-client/2.12.3/async-http-client-2.12.3.jar:/Users/denislyakhovich/.m2/repository/org/asynchttpclient/async-http-client-netty-utils/2.12.3/async-http-client-netty-utils-2.12.3.jar:/Users/denislyakhovich/.m2/repository/io/netty/netty-codec-socks/4.1.60.Final/netty-codec-socks-4.1.60.Final.jar:/Users/denislyakhovich/.m2/repository/io/netty/netty-handler-proxy/4.1.60.Final/netty-handler-proxy-4.1.60.Final.jar:/Users/denislyakhovich/.m2/repository/io/netty/netty-transport-native-epoll/4.1.60.Final/netty-transport-native-epoll-4.1.60.Final-linux-x86_64.jar:/Users/denislyakhovich/.m2/repository/io/netty/netty-transport-native-kqueue/4.1.60.Final/netty-transport-native-kqueue-4.1.60.Final-osx-x86_64.jar:/Users/denislyakhovich/.m2/repository/org/reactivestreams/reactive-streams/1.0.3/reactive-streams-1.0.3.jar:/Users/denislyakhovich/.m2/repository/com/typesafe/netty/netty-reactive-streams/2.0.4/netty-reactive-streams-2.0.4.jar:/Users/denislyakhovich/.m2/repository/com/sun/activation/jakarta.activation/1.2.2/jakarta.activation-1.2.2.jar:/Users/denislyakhovich/.m2/repository/org/seleniumhq/selenium/selenium-safari-driver/4.0.0-beta-4/selenium-safari-driver-4.0.0-beta-4.jar:/Users/denislyakhovich/.m2/repository/org/seleniumhq/selenium/selenium-support/4.0.0-beta-4/selenium-support-4.0.0-beta-4.jar:/Users/denislyakhovich/.m2/repository/io/github/bonigarcia/webdrivermanager/4.2.2/webdrivermanager-4.2.2.jar:/Users/denislyakhovich/.m2/repository/org/slf4j/slf4j-api/1.7.30/slf4j-api-1.7.30.jar:/Users/denislyakhovich/.m2/repository/commons-io/commons-io/2.8.0/commons-io-2.8.0.jar:/Users/denislyakhovich/.m2/repository/com/google/code/gson/gson/2.8.6/gson-2.8.6.jar:/Users/denislyakhovich/.m2/repository/org/apache/commons/commons-lang3/3.11/commons-lang3-3.11.jar:/Users/denislyakhovich/.m2/repository/org/apache/httpcomponents/client5/httpclient5/5.0.1/httpclient5-5.0.1.jar:/Users/denislyakhovich/.m2/repository/org/apache/httpcomponents/core5/httpcore5/5.0.1/httpcore5-5.0.1.jar:/Users/denislyakhovich/.m2/repository/org/apache/httpcomponents/core5/httpcore5-h2/5.0.1/httpcore5-h2-5.0.1.jar:/Users/denislyakhovich/.m2/repository/commons-codec/commons-codec/1.13/commons-codec-1.13.jar:/Users/denislyakhovich/.m2/repository/org/rauschig/jarchivelib/1.1.0/jarchivelib-1.1.0.jar:/Users/denislyakhovich/.m2/repository/org/apache/commons/commons-compress/1.20/commons-compress-1.20.jar:/Users/denislyakhovich/.m2/repository/org/jsoup/jsoup/1.13.1/jsoup-1.13.1.jar:/Users/denislyakhovich/.m2/repository/org/apache/logging/log4j/log4j-api/2.14.0/log4j-api-2.14.0.jar:/Users/denislyakhovich/.m2/repository/org/apache/logging/log4j/log4j-core/2.14.0/log4j-core-2.14.0.jar:/Users/denislyakhovich/.m2/repository/ru/yandex/qatools/ashot/ashot/1.5.4/ashot-1.5.4.jar:/Users/denislyakhovich/.m2/repository/org/hamcrest/hamcrest-core/1.3/hamcrest-core-1.3.jar:/Users/denislyakhovich/.m2/repository/com/github/stephenc/monte/monte-screen-recorder/0.7.7.0/monte-screen-recorder-0.7.7.0.jar:/Users/denislyakhovich/.m2/repository/net/lightbody/bmp/browsermob-core/2.1.5/browsermob-core-2.1.5.jar:/Users/denislyakhovich/.m2/repository/net/lightbody/bmp/littleproxy/1.1.0-beta-bmp-17/littleproxy-1.1.0-beta-bmp-17.jar:/Users/denislyakhovich/.m2/repository/com/fasterxml/jackson/core/jackson-core/2.8.9/jackson-core-2.8.9.jar:/Users/denislyakhovich/.m2/repository/com/fasterxml/jackson/core/jackson-databind/2.8.9/jackson-databind-2.8.9.jar:/Users/denislyakhovich/.m2/repository/com/fasterxml/jackson/core/jackson-annotations/2.8.9/jackson-annotations-2.8.9.jar:/Users/denislyakhovich/.m2/repository/dnsjava/dnsjava/2.1.8/dnsjava-2.1.8.jar:/Users/denislyakhovich/.m2/repository/org/slf4j/jcl-over-slf4j/1.7.25/jcl-over-slf4j-1.7.25.jar:/Users/denislyakhovich/.m2/repository/com/jcraft/jzlib/1.1.3/jzlib-1.1.3.jar:/Users/denislyakhovich/.m2/repository/io/netty/netty-all/4.0.51.Final/netty-all-4.0.51.Final.jar:/Users/denislyakhovich/.m2/repository/org/bouncycastle/bcprov-jdk15on/1.58/bcprov-jdk15on-1.58.jar:/Users/denislyakhovich/.m2/repository/org/bouncycastle/bcpkix-jdk15on/1.58/bcpkix-jdk15on-1.58.jar:/Users/denislyakhovich/.m2/repository/net/lightbody/bmp/mitm/2.1.5/mitm-2.1.5.jar:/Users/denislyakhovich/.m2/repository/com/google/guava/guava/30.1.1-jre/guava-30.1.1-jre.jar:/Users/denislyakhovich/.m2/repository/com/google/guava/failureaccess/1.0.1/failureaccess-1.0.1.jar:/Users/denislyakhovich/.m2/repository/com/google/guava/listenablefuture/9999.0-empty-to-avoid-conflict-with-guava/listenablefuture-9999.0-empty-to-avoid-conflict-with-guava.jar:/Users/denislyakhovich/.m2/repository/com/google/code/findbugs/jsr305/3.0.2/jsr305-3.0.2.jar:/Users/denislyakhovich/.m2/repository/org/checkerframework/checker-qual/3.8.0/checker-qual-3.8.0.jar:/Users/denislyakhovich/.m2/repository/com/google/errorprone/error_prone_annotations/2.5.1/error_prone_annotations-2.5.1.jar:/Users/denislyakhovich/.m2/repository/com/google/j2objc/j2objc-annotations/1.3/j2objc-annotations-1.3.jar:/Users/denislyakhovich/.m2/repository/org/apache/pdfbox/pdfbox/2.0.24/pdfbox-2.0.24.jar:/Users/denislyakhovich/.m2/repository/org/apache/pdfbox/fontbox/2.0.24/fontbox-2.0.24.jar:/Users/denislyakhovich/.m2/repository/commons-logging/commons-logging/1.2/commons-logging-1.2.jar:/Users/denislyakhovich/.m2/repository/com/itextpdf/itextpdf/5.5.13.2/itextpdf-5.5.13.2.jar:"/>
    <property name="test" value="JavaScriptTest#scrollPagetest"/>
    <property name="sun.cpu.endian" value="little"/>
    <property name="user.home" value="/Users/denislyakhovich"/>
    <property name="user.language" value="ru"/>
    <property name="java.specification.vendor" value="Oracle Corporation"/>
    <property name="java.home" value="/Library/Java/JavaVirtualMachines/jdk1.8.0_291.jdk/Contents/Home/jre"/>
    <property name="basedir" value="/Users/denislyakhovich/Developer/01_Testing/02_Lanit/Git_repository/Example"/>
    <property name="file.separator" value="/"/>
    <property name="line.separator" value="&#10;"/>
    <property name="java.vm.specification.vendor" value="Oracle Corporation"/>
    <property name="java.specification.name" value="Java Platform API Specification"/>
    <property name="java.awt.graphicsenv" value="sun.awt.CGraphicsEnvironment"/>
    <property name="surefire.real.class.path" value="/Users/denislyakhovich/Developer/01_Testing/02_Lanit/Git_repository/Example/target/surefire/surefirebooter4825633165251476278.jar"/>
    <property name="sun.boot.class.path" value="/Library/Java/JavaVirtualMachines/jdk1.8.0_291.jdk/Contents/Home/jre/lib/resources.jar:/Library/Java/JavaVirtualMachines/jdk1.8.0_291.jdk/Contents/Home/jre/lib/rt.jar:/Library/Java/JavaVirtualMachines/jdk1.8.0_291.jdk/Contents/Home/jre/lib/sunrsasign.jar:/Library/Java/JavaVirtualMachines/jdk1.8.0_291.jdk/Contents/Home/jre/lib/jsse.jar:/Library/Java/JavaVirtualMachines/jdk1.8.0_291.jdk/Contents/Home/jre/lib/jce.jar:/Library/Java/JavaVirtualMachines/jdk1.8.0_291.jdk/Contents/Home/jre/lib/charsets.jar:/Library/Java/JavaVirtualMachines/jdk1.8.0_291.jdk/Contents/Home/jre/lib/jfr.jar:/Library/Java/JavaVirtualMachines/jdk1.8.0_291.jdk/Contents/Home/jre/classes"/>
    <property name="sun.management.compiler" value="HotSpot 64-Bit Tiered Compilers"/>
    <property name="ftp.nonProxyHosts" value="local|*.local|169.254/16|*.169.254/16"/>
    <property name="java.runtime.version" value="1.8.0_291-b10"/>
    <property name="user.name" value="denislyakhovich"/>
    <property name="path.separator" value=":"/>
    <property name="os.version" value="10.16"/>
    <property name="java.endorsed.dirs" value="/Library/Java/JavaVirtualMachines/jdk1.8.0_291.jdk/Contents/Home/jre/lib/endorsed"/>
    <property name="java.runtime.name" value="Java(TM) SE Runtime Environment"/>
    <property name="file.encoding" value="UTF-8"/>
    <property name="java.vm.name" value="Java HotSpot(TM) 64-Bit Server VM"/>
    <property name="localRepository" value="/Users/denislyakhovich/.m2/repository"/>
    <property name="java.vendor.url.bug" value="http://bugreport.sun.com/bugreport/"/>
    <property name="java.io.tmpdir" value="/var/folders/50/960v5yns7939tc_7l3p874w40000gn/T/"/>
    <property name="idea.version" value="2021.1.2"/>
    <property name="java.version" value="1.8.0_291"/>
    <property name="user.dir" value="/Users/denislyakhovich/Developer/01_Testing/02_Lanit/Git_repository/Example"/>
    <property name="os.arch" value="x86_64"/>
    <property name="java.vm.specification.name" value="Java Virtual Machine Specification"/>
    <property name="java.awt.printerjob" value="sun.lwawt.macosx.CPrinterJob"/>
    <property name="sun.os.patch.level" value="unknown"/>
    <property name="java.library.path" value="/Users/denislyakhovich/Library/Java/Extensions:/Library/Java/Extensions:/Network/Library/Java/Extensions:/System/Library/Java/Extensions:/usr/lib/java:."/>
    <property name="java.vm.info" value="mixed mode"/>
    <property name="java.vendor" value="Oracle Corporation"/>
    <property name="java.vm.version" value="25.291-b10"/>
    <property name="java.ext.dirs" value="/Users/denislyakhovich/Library/Java/Extensions:/Library/Java/JavaVirtualMachines/jdk1.8.0_291.jdk/Contents/Home/jre/lib/ext:/Library/Java/Extensions:/Network/Library/Java/Extensions:/System/Library/Java/Extensions:/usr/lib/java"/>
    <property name="sun.io.unicode.encoding" value="UnicodeBig"/>
    <property name="java.class.version" value="52.0"/>
    <property name="socksNonProxyHosts" value="local|*.local|169.254/16|*.169.254/16"/>
  </properties>
  <testcase name="scrollPagetest" classname="JavaScriptTest" time="23.867"/>
</testsuite>